Atividade em Sun Aug 24 14:36:01 UTC 2025
Atividade em Sun Aug 24 15:14:47 UTC 2025
Atividade em Sun Aug 24 17:06:40 UTC 2025
Atividade em Mon Aug 25 09:16:32 UTC 2025
Atividade em Mon Aug 25 11:13:04 UTC 2025
Atividade em Mon Aug 25 15:17:26 UTC 2025
Atividade em Mon Aug 25 17:00:59 UTC 2025
Atividade em Tue Aug 26 11:13:33 UTC 2025
Atividade em Tue Aug 26 15:17:35 UTC 2025
Atividade em Tue Aug 26 17:01:09 UTC 2025
Atividade em Wed Aug 27 11:12:25 UTC 2025
Atividade em Wed Aug 27 13:23:09 UTC 2025
Atividade em Wed Aug 27 15:17:01 UTC 2025
Atividade em Wed Aug 27 17:01:23 UTC 2025
Atividade em Thu Aug 28 11:12:09 UTC 2025
Atividade em Thu Aug 28 13:24:11 UTC 2025
Atividade em Thu Aug 28 15:16:40 UTC 2025
Atividade em Thu Aug 28 17:01:05 UTC 2025
Atividade em Fri Aug 29 11:11:58 UTC 2025
Atividade em Fri Aug 29 13:22:11 UTC 2025
